18/03/2021 17:33:46 - INFO - Pasta logs criada
18/03/2021 17:33:46 - INFO - Pasta SEMANA TESTE criada
18/03/2021 17:34:59 - INFO - A pasta logs já existe
18/03/2021 17:34:59 - INFO - A pasta SEMANA TESTE já existe

Tempo de execução - 0:00:40

18/03/2021 18:16:55 - INFO - A pasta logs já existe
18/03/2021 18:16:55 - INFO - A pasta SEMANA TESTE já existe

Tempo de execução - 0:00:44

18/03/2021 18:20:24 - INFO - A pasta logs já existe
18/03/2021 18:20:24 - INFO - Pasta SEMANA 01 criada

Tempo de execução - 0:01:02

18/03/2021 18:32:50 - INFO - A pasta logs já existe
18/03/2021 18:32:50 - INFO - A pasta SEMANA 01 já existe

Tempo de execução - 0:00:48

18/03/2021 18:43:59 - INFO - A pasta logs já existe
18/03/2021 18:43:59 - INFO - A pasta SEMANA 01 já existe

Tempo de execução - 0:00:27

18/03/2021 18:46:23 - INFO - A pasta logs já existe
18/03/2021 18:46:23 - INFO - A pasta SEMANA 01 já existe

Tempo de execução - 0:00:27

18/03/2021 18:47:31 - INFO - A pasta logs já existe
18/03/2021 18:47:31 - INFO - A pasta SEMANA 01 já existe
18/03/2021 18:48:27 - INFO - A pasta logs já existe
18/03/2021 18:48:27 - INFO - A pasta SEMANA 01 já existe

Tempo de execução - 0:00:29

18/03/2021 18:52:06 - INFO - A pasta logs já existe
18/03/2021 18:52:06 - INFO - A pasta SEMANA TESTE já existe

Tempo de execução - 0:00:25

18/03/2021 18:53:36 - INFO - A pasta logs já existe
18/03/2021 18:53:36 - INFO - A pasta SEMANA TESTE já existe

Tempo de execução - 0:00:53

18/03/2021 18:54:51 - INFO - A pasta logs já existe
18/03/2021 18:54:51 - INFO - A pasta SEMANA TESTE já existe

Tempo de execução - 0:00:24

19/03/2021 14:06:04 - INFO - A pasta logs já existe
19/03/2021 14:06:04 - INFO - A pasta SEMANA TESTE já existe

Tempo de execução - 0:00:37

19/03/2021 15:45:29 - INFO - A pasta logs já existe
19/03/2021 15:45:29 - INFO - A pasta SEMANA TESTE já existe

Tempo de execução - 0:00:22

19/03/2021 15:46:40 - INFO - A pasta logs já existe
19/03/2021 15:46:40 - INFO - A pasta SEMANA TESTE já existe

Tempo de execução - 0:00:25

19/03/2021 15:47:19 - INFO - A pasta logs já existe
19/03/2021 15:47:19 - INFO - A pasta SEMANA TESTE já existe

Tempo de execução - 0:00:25

19/03/2021 15:47:58 - INFO - A pasta logs já existe
19/03/2021 15:47:58 - INFO - A pasta SEMANA TESTE já existe

Tempo de execução - 0:00:24

19/03/2021 15:49:18 - INFO - A pasta logs já existe
19/03/2021 15:49:18 - INFO - A pasta SEMANA TESTE já existe

Tempo de execução - 0:00:24

19/03/2021 15:50:55 - INFO - A pasta logs já existe
19/03/2021 15:50:55 - INFO - A pasta SEMANA TESTE já existe

Tempo de execução - 0:00:23

19/03/2021 15:52:28 - INFO - A pasta logs já existe
19/03/2021 15:52:28 - INFO - A pasta SEMANA TESTE já existe

Tempo de execução - 0:00:26

19/03/2021 16:03:01 - INFO - A pasta logs já existe
19/03/2021 16:03:01 - INFO - A pasta SEMANA TESTE já existe

Tempo de execução - 0:00:30

19/03/2021 16:04:10 - INFO - A pasta logs já existe
19/03/2021 16:04:10 - INFO - A pasta SEMANA TESTE já existe

Tempo de execução - 0:00:22

19/03/2021 16:05:26 - INFO - A pasta logs já existe
19/03/2021 16:05:26 - INFO - A pasta SEMANA TESTE já existe

Tempo de execução - 0:00:23

19/03/2021 16:20:13 - INFO - A pasta logs já existe
19/03/2021 16:20:13 - INFO - A pasta SEMANA TESTE já existe
19/03/2021 16:30:39 - INFO - A pasta logs já existe
19/03/2021 16:30:39 - INFO - A pasta SEMANA TESTE já existe

Tempo de execução - 0:00:22

19/03/2021 17:01:51 - INFO - A pasta logs já existe
19/03/2021 17:01:51 - INFO - A pasta SEMANA TESTE já existe

Tempo de execução - 0:00:20

19/03/2021 19:04:03 - INFO - A pasta logs já existe
19/03/2021 19:04:03 - INFO - A pasta SEMANA TESTE já existe

Tempo de execução - 0:00:22

19/03/2021 19:05:56 - INFO - A pasta logs já existe
19/03/2021 19:05:56 - INFO - A pasta SEMANA TESTE já existe

Tempo de execução - 0:00:24

19/03/2021 19:07:24 - INFO - A pasta logs já existe
19/03/2021 19:07:24 - INFO - A pasta SEMANA TESTE já existe

Tempo de execução - 0:00:24

19/03/2021 19:11:26 - INFO - A pasta logs já existe
19/03/2021 19:11:26 - INFO - A pasta SEMANA TESTE já existe

Tempo de execução - 0:00:23

19/03/2021 19:12:11 - INFO - A pasta logs já existe
19/03/2021 19:12:11 - INFO - A pasta SEMANA TESTE já existe
19/03/2021 19:45:59 - INFO - A pasta logs já existe
19/03/2021 19:45:59 - INFO - A pasta SEMANA TESTE já existe

Tempo de execução - 0:00:22

19/03/2021 19:46:45 - INFO - A pasta logs já existe
19/03/2021 19:46:45 - INFO - A pasta SEMANA TESTE já existe

Tempo de execução - 0:00:23

19/03/2021 19:51:14 - INFO - A pasta logs já existe
19/03/2021 19:51:14 - INFO - A pasta SEMANA TESTE já existe

Tempo de execução - 0:00:23

19/03/2021 19:53:20 - INFO - A pasta logs já existe
19/03/2021 19:53:20 - INFO - A pasta SEMANA TESTE já existe

Tempo de execução - 0:00:27

20/03/2021 17:56:15 - INFO - A pasta logs já existe
20/03/2021 17:56:15 - INFO - A pasta SEMANA TESTE já existe
20/03/2021 17:56:55 - INFO - A pasta logs já existe
20/03/2021 17:56:55 - INFO - A pasta SEMANA TESTE já existe
20/03/2021 17:57:49 - INFO - A pasta logs já existe
20/03/2021 17:57:49 - INFO - A pasta SEMANA TESTE já existe

Tempo de execução - 0:00:24

20/03/2021 18:02:15 - INFO - A pasta logs já existe
20/03/2021 18:02:15 - INFO - A pasta SEMANA TESTE já existe

Tempo de execução - 0:00:16

20/03/2021 18:14:05 - INFO - A pasta logs já existe
20/03/2021 18:14:05 - INFO - A pasta SEMANA TESTE já existe
20/03/2021 18:44:01 - INFO - A pasta logs já existe
20/03/2021 18:44:01 - INFO - A pasta SEMANA TESTE já existe
20/03/2021 18:46:03 - INFO - A pasta logs já existe
20/03/2021 18:46:03 - INFO - A pasta SEMANA TESTE já existe

Tempo de execução - 0:00:16

20/03/2021 18:55:22 - INFO - A pasta logs já existe
20/03/2021 18:55:22 - INFO - A pasta SEMANA TESTE já existe

Tempo de execução - 0:00:17

20/03/2021 19:50:38 - INFO - A pasta logs já existe
20/03/2021 19:50:38 - INFO - A pasta SEMANA TESTE já existe

Tempo de execução - 0:00:15

20/03/2021 19:54:10 - INFO - A pasta logs já existe
20/03/2021 19:54:10 - INFO - A pasta SEMANA TESTE já existe

Tempo de execução - 0:00:16

20/03/2021 21:17:02 - INFO - A pasta logs já existe
20/03/2021 21:17:02 - INFO - A pasta SEMANA TESTE já existe

Tempo de execução - 0:00:15

20/03/2021 21:23:15 - INFO - A pasta logs já existe
20/03/2021 21:23:15 - INFO - A pasta SEMANA TESTE já existe

Tempo de execução - 0:00:14

20/03/2021 21:23:48 - INFO - A pasta logs já existe
20/03/2021 21:23:48 - INFO - A pasta SEMANA TESTE já existe

Tempo de execução - 0:00:22

20/03/2021 21:31:02 - INFO - A pasta logs já existe
20/03/2021 21:31:02 - INFO - A pasta SEMANA TESTE já existe

Tempo de execução - 0:00:24

20/03/2021 21:35:21 - INFO - A pasta logs já existe
20/03/2021 21:35:21 - INFO - A pasta SEMANA TESTE já existe

Tempo de execução - 0:00:16

20/03/2021 21:40:26 - INFO - A pasta logs já existe
20/03/2021 21:40:26 - INFO - A pasta SEMANA TESTE já existe

Tempo de execução - 0:00:23

20/03/2021 21:43:05 - INFO - A pasta logs já existe
20/03/2021 21:43:05 - INFO - A pasta SEMANA TESTE já existe

Tempo de execução - 0:00:14

20/03/2021 21:46:27 - INFO - A pasta logs já existe
20/03/2021 21:46:27 - INFO - A pasta SEMANA TESTE já existe
20/03/2021 21:47:45 - INFO - A pasta logs já existe
20/03/2021 21:47:45 - INFO - A pasta SEMANA TESTE já existe
20/03/2021 21:48:25 - INFO - A pasta logs já existe
20/03/2021 21:48:25 - INFO - A pasta SEMANA TESTE já existe
20/03/2021 21:48:52 - INFO - A pasta logs já existe
20/03/2021 21:48:52 - INFO - A pasta SEMANA TESTE já existe
20/03/2021 21:51:55 - INFO - A pasta logs já existe
20/03/2021 21:51:55 - INFO - A pasta SEMANA TESTE já existe
20/03/2021 21:55:17 - INFO - A pasta logs já existe
20/03/2021 21:55:17 - INFO - A pasta SEMANA TESTE já existe
20/03/2021 21:56:40 - INFO - A pasta logs já existe
20/03/2021 21:56:40 - INFO - A pasta SEMANA TESTE já existe

Tempo de execução - 0:00:15

20/03/2021 22:02:17 - INFO - A pasta logs já existe
20/03/2021 22:02:17 - INFO - A pasta SEMANA TESTE já existe

Tempo de execução - 0:00:23

20/03/2021 22:07:37 - INFO - A pasta logs já existe
20/03/2021 22:07:37 - INFO - A pasta SEMANA TESTE já existe

Tempo de execução - 0:00:15

20/03/2021 22:09:13 - INFO - A pasta logs já existe
20/03/2021 22:09:13 - INFO - A pasta SEMANA TESTE já existe

Tempo de execução - 0:00:15

20/03/2021 22:12:43 - INFO - A pasta logs já existe
20/03/2021 22:12:43 - INFO - A pasta SEMANA TESTE já existe

Tempo de execução - 0:00:26

20/03/2021 22:23:07 - INFO - A pasta logs já existe
20/03/2021 22:23:07 - INFO - A pasta SEMANA TESTE já existe

Tempo de execução - 0:00:18

20/03/2021 22:32:36 - INFO - A pasta logs já existe
20/03/2021 22:32:36 - INFO - A pasta SEMANA TESTE já existe

Tempo de execução - 0:00:22

20/03/2021 22:34:39 - INFO - A pasta logs já existe
20/03/2021 22:34:39 - INFO - A pasta SEMANA TESTE já existe
20/03/2021 22:36:01 - INFO - A pasta logs já existe
20/03/2021 22:36:01 - INFO - A pasta SEMANA TESTE já existe

Tempo de execução - 0:00:17

20/03/2021 22:39:03 - INFO - A pasta logs já existe
20/03/2021 22:39:03 - INFO - A pasta SEMANA TESTE já existe

Tempo de execução - 0:00:17

20/03/2021 22:42:43 - INFO - A pasta logs já existe
20/03/2021 22:42:43 - INFO - A pasta SEMANA TESTE já existe

Tempo de execução - 0:00:20

20/03/2021 22:51:17 - INFO - A pasta logs já existe
20/03/2021 22:51:17 - INFO - A pasta SEMANA TESTE já existe

Tempo de execução - 0:00:21

21/03/2021 11:20:04 - INFO - A pasta logs já existe
21/03/2021 11:20:04 - INFO - Pasta SEMANA 5 criada

Tempo de execução - 0:21:04

22/03/2021 09:10:10 - INFO - A pasta logs já existe
22/03/2021 09:10:10 - INFO - A pasta SEMANA TESTE já existe

Tempo de execução - 0:00:23

22/03/2021 09:11:56 - INFO - A pasta logs já existe
22/03/2021 09:11:56 - INFO - A pasta SEMANA TESTE já existe

Tempo de execução - 0:00:14

26/03/2021 21:24:21 - INFO - A pasta logs já existe
26/03/2021 21:24:21 - INFO - A pasta SEMANA TESTE já existe

Tempo de execução - 0:00:23

26/03/2021 21:25:19 - INFO - A pasta logs já existe
26/03/2021 21:25:19 - INFO - A pasta SEMANA TESTE já existe
28/03/2021 00:06:28 - INFO - A pasta logs já existe
28/03/2021 00:06:28 - INFO - A pasta SEMANA TESTE já existe

Tempo de execução - 0:00:18

28/03/2021 00:39:00 - INFO - A pasta logs já existe
28/03/2021 00:39:00 - INFO - A pasta SEMANA TESTE já existe

Tempo de execução - 0:00:24

28/03/2021 14:06:14 - INFO - A pasta logs já existe
28/03/2021 14:06:14 - INFO - Pasta SEMANA 6 criada

Tempo de execução - 0:16:52

30/03/2021 14:27:49 - INFO - A pasta logs já existe
30/03/2021 14:27:49 - INFO - A pasta SEMANA 6 já existe
31/03/2021 14:36:55 - INFO - A pasta logs já existe
31/03/2021 14:36:55 - INFO - A pasta SEMANA 6 já existe

Tempo de execução - 0:00:59

03/04/2021 19:59:00 - INFO - A pasta logs já existe
03/04/2021 19:59:00 - INFO - A pasta SEMANA TESTE já existe

Tempo de execução - 0:00:30

03/04/2021 20:10:18 - INFO - A pasta logs já existe
03/04/2021 20:10:18 - INFO - A pasta SEMANA TESTE já existe
03/04/2021 20:12:42 - INFO - A pasta logs já existe
03/04/2021 20:12:42 - INFO - A pasta SEMANA TESTE já existe

Tempo de execução - 0:00:20

03/04/2021 20:15:58 - INFO - A pasta logs já existe
03/04/2021 20:15:58 - INFO - A pasta SEMANA TESTE já existe

Tempo de execução - 0:00:26

03/04/2021 20:17:15 - INFO - A pasta logs já existe
03/04/2021 20:17:15 - INFO - A pasta SEMANA TESTE já existe

Tempo de execução - 0:00:16

03/04/2021 20:18:50 - INFO - A pasta logs já existe
03/04/2021 20:18:50 - INFO - A pasta SEMANA TESTE já existe

Tempo de execução - 0:00:15

03/04/2021 20:19:14 - INFO - A pasta logs já existe
03/04/2021 20:19:14 - INFO - A pasta SEMANA TESTE já existe

Tempo de execução - 0:00:14

03/04/2021 20:21:55 - INFO - A pasta logs já existe
03/04/2021 20:21:55 - INFO - A pasta SEMANA TESTE já existe

Tempo de execução - 0:00:15

03/04/2021 20:22:26 - INFO - A pasta logs já existe
03/04/2021 20:22:26 - INFO - A pasta SEMANA TESTE já existe

Tempo de execução - 0:00:16

03/04/2021 20:28:28 - INFO - A pasta logs já existe
03/04/2021 20:28:28 - INFO - A pasta SEMANA TESTE já existe

Tempo de execução - 0:00:15

03/04/2021 20:28:56 - INFO - A pasta logs já existe
03/04/2021 20:28:56 - INFO - A pasta SEMANA TESTE já existe

Tempo de execução - 0:00:16

03/04/2021 20:33:53 - INFO - A pasta logs já existe
03/04/2021 20:33:53 - INFO - A pasta SEMANA TESTE já existe

Tempo de execução - 0:00:15

03/04/2021 20:35:59 - INFO - A pasta logs já existe
03/04/2021 20:35:59 - INFO - A pasta SEMANA TESTE já existe
03/04/2021 20:37:57 - INFO - A pasta logs já existe
03/04/2021 20:37:57 - INFO - A pasta SEMANA TESTE já existe

Tempo de execução - 0:00:27

03/04/2021 20:38:40 - INFO - A pasta logs já existe
03/04/2021 20:38:40 - INFO - A pasta SEMANA TESTE já existe

Tempo de execução - 0:00:18

03/04/2021 20:43:29 - INFO - A pasta logs já existe
03/04/2021 20:43:29 - INFO - A pasta SEMANA TESTE já existe
03/04/2021 20:46:08 - INFO - A pasta logs já existe
03/04/2021 20:46:08 - INFO - A pasta SEMANA TESTE já existe
03/04/2021 20:51:14 - INFO - A pasta logs já existe
03/04/2021 20:51:14 - INFO - A pasta SEMANA TESTE já existe
03/04/2021 20:53:36 - INFO - A pasta logs já existe
03/04/2021 20:53:36 - INFO - A pasta SEMANA TESTE já existe

Tempo de execução - 0:00:20

03/04/2021 20:57:54 - INFO - A pasta logs já existe
03/04/2021 20:57:54 - INFO - A pasta SEMANA TESTE já existe
03/04/2021 21:01:52 - INFO - A pasta logs já existe
03/04/2021 21:01:52 - INFO - A pasta SEMANA TESTE já existe

Tempo de execução - 0:00:24

03/04/2021 21:03:30 - INFO - A pasta logs já existe
03/04/2021 21:03:30 - INFO - A pasta SEMANA TESTE já existe
03/04/2021 21:13:15 - INFO - A pasta logs já existe
03/04/2021 21:13:15 - INFO - A pasta SEMANA TESTE já existe
03/04/2021 21:17:38 - INFO - A pasta logs já existe
03/04/2021 21:17:38 - INFO - A pasta SEMANA TESTE já existe
03/04/2021 21:20:14 - INFO - A pasta logs já existe
03/04/2021 21:20:14 - INFO - A pasta SEMANA TESTE já existe

Tempo de execução - 0:00:20

03/04/2021 21:21:27 - INFO - A pasta logs já existe
03/04/2021 21:21:27 - INFO - A pasta SEMANA TESTE já existe

Tempo de execução - 0:00:28

03/04/2021 21:29:17 - INFO - A pasta logs já existe
03/04/2021 21:29:17 - INFO - A pasta SEMANA TESTE já existe

Tempo de execução - 0:00:21

